<?xml version="1.0" encoding="UTF-8"?>
<!-- Generated by org.testng.reporters.JUnitXMLReporter -->
<testsuite hostname="DESKTOP-SNHNI7P" ignored="0" name="Command line test" tests="2" failures="0" timestamp="2022-01-11T18:46:15 ART" time="21.24" errors="0">
  <testcase name="runScenario" time="11.518" classname="io.cucumber.testng.AbstractTestNGCucumberTests"/>
  <testcase name="runScenario" time="9.314" classname="io.cucumber.testng.AbstractTestNGCucumberTests"/>
</testsuite> <!-- Command line test -->
