<?xml version="1.0" encoding="UTF-8"?>
<testng-results skipped="0" failed="0" ignored="0" total="2" passed="2">
  <reporter-output>
  </reporter-output>
  <suite name="RunCukesTest" duration-ms="21240" started-at="2022-01-11T18:45:54 ART" finished-at="2022-01-11T18:46:15 ART">
    <groups>
      <group name="cucumber">
        <method signature="AbstractTestNGCucumberTests.runScenario(io.cucumber.testng.PickleWrapper,io.cucumber.testng.FeatureWrapper)[pri:0, instance:RunCukesTest@1a8a8f7c]" name="runScenario" class="io.cucumber.testng.AbstractTestNGCucumberTests"/>
      </group> <!-- cucumber -->
    </groups>
    <test name="Command line test" duration-ms="21240" started-at="2022-01-11T18:45:54 ART" finished-at="2022-01-11T18:46:15 ART">
      <class name="RunCukesTest">
        <test-method status="PASS" signature="setUpClass()[pri:0, instance:RunCukesTest@1a8a8f7c]" name="setUpClass" is-config="true" duration-ms="353" started-at="2022-01-11T18:45:54 ART" finished-at="2022-01-11T18:45:55 ART">
          <reporter-output>
          </reporter-output>
        </test-method> <!-- setUpClass -->
        <test-method status="PASS" signature="runScenario(io.cucumber.testng.PickleWrapper,io.cucumber.testng.FeatureWrapper)[pri:0, instance:RunCukesTest@1a8a8f7c]" name="runScenario" duration-ms="11518" started-at="2022-01-11T18:45:55 ART" description="Runs Cucumber Scenarios" data-provider="scenarios" finished-at="2022-01-11T18:46:06 ART">
          <params>
            <param index="0">
              <value>
                <![CDATA["Search articles"]]>
              </value>
            </param>
            <param index="1">
              <value>
                <![CDATA["Optional[Search]"]]>
              </value>
            </param>
          </params>
          <reporter-output>
          </reporter-output>
        </test-method> <!-- runScenario -->
        <test-method status="PASS" signature="runScenario(io.cucumber.testng.PickleWrapper,io.cucumber.testng.FeatureWrapper)[pri:0, instance:RunCukesTest@1a8a8f7c]" name="runScenario" duration-ms="9314" started-at="2022-01-11T18:46:06 ART" description="Runs Cucumber Scenarios" data-provider="scenarios" finished-at="2022-01-11T18:46:15 ART">
          <params>
            <param index="0">
              <value>
                <![CDATA["Search articles"]]>
              </value>
            </param>
            <param index="1">
              <value>
                <![CDATA["Optional[Search]"]]>
              </value>
            </param>
          </params>
          <reporter-output>
          </reporter-output>
        </test-method> <!-- runScenario -->
        <test-method status="PASS" signature="tearDownClass()[pri:0, instance:RunCukesTest@1a8a8f7c]" name="tearDownClass" is-config="true" duration-ms="9" started-at="2022-01-11T18:46:15 ART" finished-at="2022-01-11T18:46:15 ART">
          <reporter-output>
          </reporter-output>
        </test-method> <!-- tearDownClass -->
      </class> <!-- RunCukesTest -->
    </test> <!-- Command line test -->
  </suite> <!-- RunCukesTest -->
</testng-results>
